<?xml version="1.0" encoding="UTF-8"?>
<testsuite name="ArrayUtilsTest" tests="11" skipped="0" failures="0" errors="0" timestamp="2026-03-27T15:42:15" hostname="MacBook-Pro-3.local" time="0.046">
  <properties/>
  <testcase name="countOfCountsMultipleOccurrences()" classname="ArrayUtilsTest" time="0.022"/>
  <testcase name="countOfHandlesNoMatches()" classname="ArrayUtilsTest" time="0.001"/>
  <testcase name="countOfCountsSingleOccurrence()" classname="ArrayUtilsTest" time="0.001"/>
  <testcase name="countOfReturnsZeroWhenEmpty()" classname="ArrayUtilsTest" time="0.0"/>
  <testcase name="testFindLastNull()" classname="ArrayUtilsTest" time="0.003"/>
  <testcase name="testFindLastEmpty()" classname="ArrayUtilsTest" time="0.001"/>
  <testcase name="testOddOrPositiveBothPositivesAndNegatives()" classname="ArrayUtilsTest" time="0.0"/>
  <testcase name="testFindLastNonExistent()" classname="ArrayUtilsTest" time="0.001"/>
  <testcase name="testOddOrPosAllPositives()" classname="ArrayUtilsTest" time="0.001"/>
  <testcase name="testOddOrPosNull()" classname="ArrayUtilsTest" time="0.001"/>
  <testcase name="testFindLastExistsFirstElement()" classname="ArrayUtilsTest" time="0.002"/>
  <system-out><![CDATA[]]></system-out>
  <system-err><![CDATA[]]></system-err>
</testsuite>
