<?xml version="1.0" encoding="UTF-8" standalone="yes"?><!DOCTYPE report PUBLIC "-//JACOCO//DTD Report 1.1//EN" "report.dtd"><report name="ci-helloworld"><sessioninfo id="MacBook-Pro-3.local-99a012d8" start="1774626133611" dump="1774626135080"/><package name=""><class name="ArrayUtils" sourcefilename="ArrayUtils.java"><method name="findLast" desc="([II)I" line="16"><counter type="INSTRUCTION" missed="0" covered="18"/><counter type="BRANCH" missed="0" covered="4"/><counter type="LINE" missed="0" covered="4"/><counter type="COMPLEXITY" missed="0" covered="3"/><counter type="METHOD" missed="0" covered="1"/></method><method name="oddOrPos" desc="([I)I" line="32"><counter type="INSTRUCTION" missed="0" covered="23"/><counter type="BRANCH" missed="0" covered="6"/><counter type="LINE" missed="0" covered="5"/><counter type="COMPLEXITY" missed="0" covered="4"/><counter type="METHOD" missed="0" covered="1"/></method><method name="countOf" desc="([II)I" line="45"><counter type="INSTRUCTION" missed="0" covered="29"/><counter type="BRANCH" missed="0" covered="4"/><counter type="LINE" missed="0" covered="4"/><counter type="COMPLEXITY" missed="0" covered="3"/><counter type="METHOD" missed="0" covered="1"/></method><counter type="INSTRUCTION" missed="0" covered="70"/><counter type="BRANCH" missed="0" covered="14"/><counter type="LINE" missed="0" covered="13"/><counter type="COMPLEXITY" missed="0" covered="10"/><counter type="METHOD" missed="0" covered="3"/><counter type="CLASS" missed="0" covered="1"/></class><class name="Main" sourcefilename="Main.java"><method name="&lt;init&gt;" desc="()V" line="1"><counter type="INSTRUCTION" missed="3" covered="0"/><counter type="LINE" missed="1" covered="0"/><counter type="COMPLEXITY" missed="1" covered="0"/><counter type="METHOD" missed="1" covered="0"/></method><method name="main" desc="([Ljava/lang/String;)V" line="3"><counter type="INSTRUCTION" missed="39" covered="0"/><counter type="LINE" missed="5" covered="0"/><counter type="COMPLEXITY" missed="1" covered="0"/><counter type="METHOD" missed="1" covered="0"/></method><counter type="INSTRUCTION" missed="42" covered="0"/><counter type="LINE" missed="6" covered="0"/><counter type="COMPLEXITY" missed="2" covered="0"/><counter type="METHOD" missed="2" covered="0"/><counter type="CLASS" missed="1" covered="0"/></class><sourcefile name="ArrayUtils.java"><line nr="16" mi="0" ci="9" mb="0" cb="2"/><line nr="17" mi="0" ci="5" mb="0" cb="2"/><line nr="18" mi="0" ci="2" mb="0" cb="0"/><line nr="21" mi="0" ci="2" mb="0" cb="0"/><line nr="32" mi="0" ci="2" mb="0" cb="0"/><line nr="33" mi="0" ci="8" mb="0" cb="2"/><line nr="34" mi="0" ci="10" mb="0" cb="4"/><line nr="35" mi="0" ci="1" mb="0" cb="0"/><line nr="38" mi="0" ci="2" mb="0" cb="0"/><line nr="45" mi="0" ci="2" mb="0" cb="0"/><line nr="46" mi="0" ci="16" mb="0" cb="2"/><line nr="47" mi="0" ci="9" mb="0" cb="2"/><line nr="49" mi="0" ci="2" mb="0" cb="0"/><counter type="INSTRUCTION" missed="0" covered="70"/><counter type="BRANCH" missed="0" covered="14"/><counter type="LINE" missed="0" covered="13"/><counter type="COMPLEXITY" missed="0" covered="10"/><counter type="METHOD" missed="0" covered="3"/><counter type="CLASS" missed="0" covered="1"/></sourcefile><sourcefile name="Main.java"><line nr="1" mi="3" ci="0" mb="0" cb="0"/><line nr="3" mi="27" ci="0" mb="0" cb="0"/><line nr="4" mi="2" ci="0" mb="0" cb="0"/><line nr="5" mi="4" ci="0" mb="0" cb="0"/><line nr="6" mi="5" ci="0" mb="0" cb="0"/><line nr="7" mi="1" ci="0" mb="0" cb="0"/><counter type="INSTRUCTION" missed="42" covered="0"/><counter type="LINE" missed="6" covered="0"/><counter type="COMPLEXITY" missed="2" covered="0"/><counter type="METHOD" missed="2" covered="0"/><counter type="CLASS" missed="1" covered="0"/></sourcefile><counter type="INSTRUCTION" missed="42" covered="70"/><counter type="BRANCH" missed="0" covered="14"/><counter type="LINE" missed="6" covered="13"/><counter type="COMPLEXITY" missed="2" covered="10"/><counter type="METHOD" missed="2" covered="3"/><counter type="CLASS" missed="1" covered="1"/></package><counter type="INSTRUCTION" missed="42" covered="70"/><counter type="BRANCH" missed="0" covered="14"/><counter type="LINE" missed="6" covered="13"/><counter type="COMPLEXITY" missed="2" covered="10"/><counter type="METHOD" missed="2" covered="3"/><counter type="CLASS" missed="1" covered="1"/></report>